#
# A fatal error has been detected by the Java Runtime Environment:
#
#  EXCEPTION_ACCESS_VIOLATION (0xc0000005) at pc=0x0113fc69, pid=1136, tid=4336
#
# JRE version: 6.0_21-b06
# Java VM: Java HotSpot(TM) Client VM (17.0-b16 mixed mode, sharing windows-x86 )
# Problematic frame:
# J  java.util.concurrent.ScheduledThreadPoolExecutor$ScheduledFutureTask.compareTo(Ljava/lang/Object;)I
#
# If you would like to submit a bug report, please visit:
#   http://java.sun.com/webapps/bugreport/crash.jsp
#

---------------  T H R E A D  ---------------

Current thread (0x0328ac00):  JavaThread "pool-2-thread-2" [_thread_in_Java, id=4336, stack(0x03a60000,0x03ab0000)]

siginfo: ExceptionCode=0xc0000005, reading address 0x302e6c4c

Registers:
EAX=0x342e5c70, EBX=0x342e5c70, ECX=0x292918f8, EDX=0x240044c0
ESP=0x03aaf840, EBP=0x03aaf858, ESI=0x302e6c38, EDI=0x0113fc50
EIP=0x0113fc69, EFLAGS=0x00010206

Top of Stack: (sp=0x03aaf840)
0x03aaf840:   be322000 03aaf858 6d981f8c 77793118
0x03aaf850:   19a3b6c1 00000038 03aaf890 00fa33a1
0x03aaf860:   03aaf874 00fa33a1 240044c0 292918f8
0x03aaf870:   03aaf870 33c76225 03aaf8b4 33c76be0
0x03aaf880:   00000000 33c76248 03aaf868 03aaf8ac
0x03aaf890:   03aaf8d8 00fa2da1 00000008 240044c0
0x03aaf8a0:   00000007 00000004 292918f8 292918f8
0x03aaf8b0:   00000003 2912feb8 03aaf8b8 33c7614b 

Instructions: (pc=0x0113fc69)
0x0113fc59:   ec 83 ec 18 83 fa 00 0f 84 32 00 00 00 8b 72 04
0x0113fc69:   81 7e 14 d8 4f 2e 34 0f 84 22 00 00 00 81 fe d8 


Stack: [0x03a60000,0x03ab0000],  sp=0x03aaf840,  free space=13e03aaf35ck
Native frames: (J=compiled Java code, j=interpreted, Vv=VM code, C=native code)
J  java.util.concurrent.ScheduledThreadPoolExecutor$ScheduledFutureTask.compareTo(Ljava/lang/Object;)I
j  java.util.PriorityQueue.siftDownComparable(ILjava/lang/Object;)V+85
j  java.util.PriorityQueue.siftDown(ILjava/lang/Object;)V+19
j  java.util.PriorityQueue.poll()Ljava/lang/Object;+59
j  java.util.concurrent.DelayQueue.take()Ljava/util/concurrent/Delayed;+71
j  java.util.concurrent.ScheduledThreadPoolExecutor$DelayedWorkQueue.take()Ljava/lang/Runnable;+4
j  java.util.concurrent.ScheduledThreadPoolExecutor$DelayedWorkQueue.take()Ljava/lang/Object;+1
j  java.util.concurrent.ThreadPoolExecutor.getTask()Ljava/lang/Runnable;+78
j  java.util.concurrent.ThreadPoolExecutor$Worker.run()V+18
j  java.lang.Thread.run()V+11
v  ~StubRoutines::call_stub
V  [jvm.dll+0xf3abc]
V  [jvm.dll+0x1865b1]
V  [jvm.dll+0xf3c87]
V  [jvm.dll+0xf3cfd]
V  [jvm.dll+0x11dac0]
V  [jvm.dll+0x1e6fb4]
V  [jvm.dll+0x185f5c]
C  [MSVCR71.dll+0x9565]
C  [KERNEL32.dll+0x4ed6c]
C  [ntdll.dll+0x6377b]
C  [ntdll.dll+0x6374e]


---------------  P R O C E S S  ---------------

Java Threads: ( => current thread )
  0x008e0400 JavaThread "pool-1-thread-2" [_thread_blocked, id=4464, stack(0x04e30000,0x04e80000)]
  0x008e0000 JavaThread "Scheduler1-thread-1" [_thread_blocked, id=4460, stack(0x04de0000,0x04e30000)]
  0x0374bc00 JavaThread "SocketWriter-1" [_thread_blocked, id=4456, stack(0x04d90000,0x04de0000)]
  0x0374b800 JavaThread "SocketAcceptor-1" [_thread_in_native, id=4452, stack(0x04d40000,0x04d90000)]
  0x0374b000 JavaThread "SocketReader" [_thread_in_native, id=4448, stack(0x04cf0000,0x04d40000)]
  0x0374ac00 JavaThread "com.smartfoxserver.v2.controllers.ExtensionController-3" [_thread_blocked, id=4444, stack(0x04ca0000,0x04cf0000)]
  0x0374a400 JavaThread "com.smartfoxserver.v2.controllers.ExtensionController-2" [_thread_blocked, id=4440, stack(0x04c50000,0x04ca0000)]
  0x0374a000 JavaThread "com.smartfoxserver.v2.controllers.ExtensionController-1" [_thread_blocked, id=4436, stack(0x04c00000,0x04c50000)]
  0x03749800 JavaThread "com.smartfoxserver.v2.controllers.SystemController-1" [_thread_blocked, id=4432, stack(0x04bb0000,0x04c00000)]
  0x03749000 JavaThread "Timer-5" daemon [_thread_blocked, id=4424, stack(0x04b10000,0x04b60000)]
  0x03748c00 JavaThread "Timer-4" daemon [_thread_blocked, id=4416, stack(0x04ac0000,0x04b10000)]
  0x03748400 JavaThread "Timer-3" daemon [_thread_blocked, id=4412, stack(0x04a20000,0x04a70000)]
  0x03748000 JavaThread "Timer-2" daemon [_thread_blocked, id=4408, stack(0x049d0000,0x04a20000)]
  0x03747800 JavaThread "Timer-1" daemon [_thread_blocked, id=4396, stack(0x048f0000,0x04940000)]
  0x03747400 JavaThread "pool-1-thread-1" [_thread_blocked, id=4392, stack(0x048a0000,0x048f0000)]
  0x03746c00 JavaThread "20237898@qtp-20287235-9 - Acceptor0 SelectChannelConnector@0.0.0.0:8080" [_thread_in_native, id=4388, stack(0x04050000,0x040a0000)]
  0x03746800 JavaThread "26049230@qtp-20287235-8 - Acceptor1 SelectChannelConnector@0.0.0.0:8080" [_thread_in_native, id=4384, stack(0x04000000,0x04050000)]
  0x03746000 JavaThread "27582163@qtp-20287235-7" [_thread_blocked, id=4380, stack(0x03fb0000,0x04000000)]
  0x03745c00 JavaThread "3972145@qtp-20287235-6" [_thread_blocked, id=4376, stack(0x03f60000,0x03fb0000)]
  0x03745400 JavaThread "10486149@qtp-20287235-5" [_thread_blocked, id=4372, stack(0x03f10000,0x03f60000)]
  0x03745000 JavaThread "11557581@qtp-20287235-4" [_thread_blocked, id=4368, stack(0x03ec0000,0x03f10000)]
  0x03744800 JavaThread "19673895@qtp-20287235-3" [_thread_blocked, id=4364, stack(0x03e70000,0x03ec0000)]
  0x03744400 JavaThread "28523022@qtp-20287235-2" [_thread_blocked, id=4360, stack(0x03e20000,0x03e70000)]
  0x03708000 JavaThread "21010507@qtp-20287235-1" [_thread_blocked, id=4356, stack(0x03dd0000,0x03e20000)]
  0x036d4800 JavaThread "7896086@qtp-20287235-0" [_thread_blocked, id=4352, stack(0x03d80000,0x03dd0000)]
  0x0347c800 JavaThread "Timer-0" daemon [_thread_blocked, id=4348, stack(0x03c30000,0x03c80000)]
  0x0328d800 JavaThread "Thread-4" daemon [_thread_blocked, id=4344, stack(0x03b00000,0x03b50000)]
  0x0328d000 JavaThread "pool-2-thread-3" [_thread_blocked, id=4340, stack(0x03ab0000,0x03b00000)]
=>0x0328ac00 JavaThread "pool-2-thread-2" [_thread_in_Java, id=4336, stack(0x03a60000,0x03ab0000)]
  0x03657800 JavaThread "pool-2-thread-1" [_thread_blocked, id=4332, stack(0x03a10000,0x03a60000)]
  0x0082e400 JavaThread "pool-3-thread-1" [_thread_blocked, id=4328, stack(0x039c0000,0x03a10000)]
  0x03658c00 JavaThread "org.apache.commons.vfs.cache.SoftRefFilesCache$SoftRefReleaseThread" daemon [_thread_blocked, id=4324, stack(0x03970000,0x039c0000)]
  0x008c3400 JavaThread "_shutdown_waiter" daemon [_thread_blocked, id=4308, stack(0x034d0000,0x03520000)]
  0x008c4800 JavaThread "Exe4JStartupThread" daemon [_thread_blocked, id=4304, stack(0x03480000,0x034d0000)]
  0x0088b000 JavaThread "Low Memory Detector" daemon [_thread_blocked, id=4204, stack(0x031e0000,0x03230000)]
  0x00878c00 JavaThread "CompilerThread0" daemon [_thread_blocked, id=4200, stack(0x03190000,0x031e0000)]
  0x00875800 JavaThread "Attach Listener" daemon [_thread_blocked, id=4196, stack(0x03140000,0x03190000)]
  0x00832400 JavaThread "Finalizer" daemon [_thread_blocked, id=4044, stack(0x030f0000,0x03140000)]
  0x00831000 JavaThread "Reference Handler" daemon [_thread_blocked, id=3780, stack(0x030a0000,0x030f0000)]
  0x0058b400 JavaThread "main" [_thread_blocked, id=2476, stack(0x00030000,0x00080000)]

Other Threads:
  0x0082f400 VMThread [stack: 0x03050000,0x030a0000] [id=1828]
  0x00895000 WatcherThread [stack: 0x03230000,0x03280000] [id=4208]

VM state:not at safepoint (normal execution)

VM Mutex/Monitor currently owned by a thread: None

Heap
 def new generation   total 4928K, used 1356K [0x23ba0000, 0x240f0000, 0x290f0000)
  eden space 4416K,  22% used [0x23ba0000, 0x23c9ade8, 0x23ff0000)
  from space 512K,  68% used [0x23ff0000, 0x24048358, 0x24070000)
  to   space 512K,   0% used [0x24070000, 0x24070000, 0x240f0000)
 tenured generation   total 10944K, used 3561K [0x290f0000, 0x29ba0000, 0x33ba0000)
   the space 10944K,  32% used [0x290f0000, 0x2946a7b8, 0x2946a800, 0x29ba0000)
 compacting perm gen  total 14080K, used 13954K [0x33ba0000, 0x34960000, 0x37ba0000)
   the space 14080K,  99% used [0x33ba0000, 0x34940828, 0x34940a00, 0x34960000)
    ro space 10240K,  51% used [0x37ba0000, 0x380cb700, 0x380cb800, 0x385a0000)
    rw space 12288K,  54% used [0x385a0000, 0x38c376a0, 0x38c37800, 0x391a0000)

Dynamic libraries:
0x00400000 - 0x0043d000 	C:\Users\Jojo\SFS2\SmartFoxServer2X\SFS2X\sfs2x-service.exe
0x77740000 - 0x7787c000 	C:\Windows\SYSTEM32\ntdll.dll
0x70430000 - 0x7046c000 	C:\Program Files\AVAST Software\Avast\snxhk.dll
0x764f0000 - 0x765c4000 	C:\Windows\system32\KERNEL32.dll
0x75b80000 - 0x75bca000 	C:\Windows\system32\KERNELBASE.dll
0x762d0000 - 0x76370000 	C:\Windows\system32\ADVAPI32.DLL
0x76370000 - 0x7641c000 	C:\Windows\system32\msvcrt.dll
0x77890000 - 0x778a9000 	C:\Windows\SYSTEM32\sechost.dll
0x778c0000 - 0x77961000 	C:\Windows\system32\RPCRT4.dll
0x76870000 - 0x774ba000 	C:\Windows\system32\SHELL32.DLL
0x75bd0000 - 0x75c27000 	C:\Windows\system32\SHLWAPI.dll
0x76200000 - 0x7624e000 	C:\Windows\system32\GDI32.dll
0x76420000 - 0x764e9000 	C:\Windows\system32\USER32.dll
0x75c30000 - 0x75c3a000 	C:\Windows\system32\LPK.dll
0x75e40000 - 0x75edd000 	C:\Windows\system32\USP10.dll
0x76810000 - 0x7682f000 	C:\Windows\system32\IMM32.DLL
0x774c0000 - 0x7758c000 	C:\Windows\system32\MSCTF.dll
0x6d800000 - 0x6daa7000 	c:\users\jojo\sfs2\smartfoxserver2x\jre\bin\client\jvm.dll
0x71140000 - 0x71172000 	C:\Windows\system32\WINMM.dll
0x7c340000 - 0x7c396000 	c:\users\jojo\sfs2\smartfoxserver2x\jre\bin\MSVCR71.dll
0x75800000 - 0x7584c000 	C:\Windows\system32\apphelp.dll
0x6d7b0000 - 0x6d7bc000 	c:\users\jojo\sfs2\smartfoxserver2x\jre\bin\verify.dll
0x6d330000 - 0x6d34f000 	c:\users\jojo\sfs2\smartfoxserver2x\jre\bin\java.dll
0x6d290000 - 0x6d298000 	c:\users\jojo\sfs2\smartfoxserver2x\jre\bin\hpi.dll
0x76830000 - 0x76835000 	C:\Windows\system32\PSAPI.DLL
0x6d7f0000 - 0x6d7ff000 	c:\users\jojo\sfs2\smartfoxserver2x\jre\bin\zip.dll
0x76660000 - 0x767bc000 	C:\Windows\system32\ole32.dll
0x6d610000 - 0x6d623000 	C:\Users\Jojo\SFS2\SmartFoxServer2X\jre\bin\net.dll
0x75ee0000 - 0x75f15000 	C:\Windows\system32\WS2_32.dll
0x778b0000 - 0x778b6000 	C:\Windows\system32\NSI.dll
0x75340000 - 0x7537c000 	C:\Windows\system32\mswsock.dll
0x75330000 - 0x75336000 	C:\Windows\System32\wship6.dll
0x6d630000 - 0x6d639000 	C:\Users\Jojo\SFS2\SmartFoxServer2X\jre\bin\nio.dll
0x75380000 - 0x75396000 	C:\Windows\system32\CRYPTSP.dll
0x75120000 - 0x7515b000 	C:\Windows\system32\rsaenh.dll
0x758d0000 - 0x758db000 	C:\Windows\system32\profapi.dll
0x75850000 - 0x7585c000 	C:\Windows\system32\CRYPTBASE.dll
0x74e60000 - 0x74e65000 	C:\Windows\System32\wshtcpip.dll
0x73b90000 - 0x73bac000 	C:\Windows\system32\iphlpapi.dll
0x73a10000 - 0x73a17000 	C:\Windows\system32\WINNSI.DLL
0x73920000 - 0x7392d000 	C:\Windows\system32\dhcpcsvc6.DLL
0x737b0000 - 0x737c2000 	C:\Windows\system32\dhcpcsvc.DLL

VM Arguments:
jvm_args: -Dexe4j.isInstall4j=true -Dexe4j.isService=true -Dexe4j.moduleName=C:\Users\Jojo\SFS2\SmartFoxServer2X\SFS2X\sfs2x-service.exe -Dexe4j.processCommFile=C:\Windows\TEMP\e4j_p1136.tmp -Dexe4j.tempDir= -Dexe4j.unextractedPosition=0 -Djava.library.path=C:\Program Files\NVIDIA Corporation\PhysX\Common;C:\Program Files\AMD APP\bin\x86;C:\Windows\system32;C:\Windows;C:\Windows\System32\Wbem;C:\Windows\System32\WindowsPowerShell\v1.0\;C:\Program Files\ATI Technologies\ATI.ACE\Core-Static;C:\Program Files\Heroku\bin;C:\Program Files\ruby-1.9.2\bin;C:\Program Files\git\bin;C:\Program Files\git\cmd;C:\Program Files\QuickTime\QTSystem\;;c:\users\jojo\sfs2\smartfoxserver2x\jre\bin -Dexe4j.consoleCodepage=cp0 -Dfile.encoding=UTF-8 -Dinstall4j.launcherId=23 -Dinstall4j.swt=false -Xrs -Dsun.locale.formatasdefault=true -Dfile.encoding=UTF-8 
java_command: C:\Users\Jojo\SFS2\SmartFoxServer2X\SFS2X\sfs2x-service.exe
Launcher Type: generic

Environment Variables:
CLASSPATH=.;C:\Program Files\Java\jre7\lib\ext\QTJava.zip
PATH=C:\Program Files\NVIDIA Corporation\PhysX\Common;C:\Program Files\AMD APP\bin\x86;C:\Windows\system32;C:\Windows;C:\Windows\System32\Wbem;C:\Windows\System32\WindowsPowerShell\v1.0\;C:\Program Files\ATI Technologies\ATI.ACE\Core-Static;C:\Program Files\Heroku\bin;C:\Program Files\ruby-1.9.2\bin;C:\Program Files\git\bin;C:\Program Files\git\cmd;C:\Program Files\QuickTime\QTSystem\;;c:\users\jojo\sfs2\smartfoxserver2x\jre\bin
USERNAME=JOJO-PC$
OS=Windows_NT
PROCESSOR_IDENTIFIER=x86 Family 16 Model 4 Stepping 2, AuthenticAMD



---------------  S Y S T E M  ---------------

OS: Windows 7 Build 7601 Service Pack 1

CPU:total 4 (4 cores per cpu, 1 threads per core) family 16 model 4 stepping 2, cmov, cx8, fxsr, mmx, sse, sse2, sse3, popcnt, mmxext, 3dnow, 3dnowext, lzcnt, sse4a

Memory: 4k page, physical 2095608k(706456k free), swap 4191216k(2311248k free)

vm_info: Java HotSpot(TM) Client VM (17.0-b16) for windows-x86 JRE (1.6.0_21-b06), built on Jun 22 2010 00:56:49 by "java_re" with MS VC++ 7.1 (VS2003)

time: Wed Jan 23 15:37:43 2013
elapsed time: 159 seconds

