06 feb 2013 | 00:12:10,748 | INFO  | main | bootLogger |     | SmartFoxServer 2X
06 feb 2013 | 00:12:10,888 | INFO  | main | bootLogger |     | BitSwarmEngine version: 3.4.10-DBG { main }
06 feb 2013 | 00:12:10,888 | INFO  | main | bootLogger |     | System Info:
	Processor(s): 4
	VM Max. memory: 259MB
	os.name: Windows 7
	os.arch: x86
	os.version: 6.1
	java.version: 1.6.0_21
	java.vendor: Sun Microsystems Inc.
	java.vendor.url: http://java.sun.com/
	java.vm.specification.version: 1.0
	java.vm.version: 17.0-b16
	java.vm.vendor: Sun Microsystems Inc.
	java.vm.name: Java HotSpot(TM) Client VM
	java.io.tmpdir: C:\Windows\TEMP\
	Default charset: UTF-8

06 feb 2013 | 00:12:10,951 | INFO  | main | bootLogger |     | Network Info:
	Card: Software Loopback Interface 1
		 ->0:0:0:0:0:0:0:1
		 ->127.0.0.1
	Card: WAN Miniport (SSTP)
	Card: WAN Miniport (L2TP)
	Card: WAN Miniport (PPTP)
	Card: WAN Miniport (PPPOE)
	Card: WAN Miniport (IPv6)
	Card: WAN Miniport (Network Monitor)
	Card: WAN Miniport (IP)
	Card: RAS Async Adapter
	Card: NIC de Gigabit de Ethernet PCI-E de la familia Realtek RTL8168C(P)/8111C(P) (NDIS 6.20)
		 ->fe80:0:0:0:adbd:24c:d004:52cc%10
	Card: Airlive WT-2000PCI
		 ->fe80:0:0:0:f926:c70e:e493:f296%11
		 ->192.168.1.34
	Card: Teredo Tunneling Pseudo-Interface
		 ->2001:0:9d38:953c:38ff:2417:3f57:fedd
		 ->fe80:0:0:0:38ff:2417:3f57:fedd%12
	Card: Adaptador 6to4 de Microsoft
	Card: WAN Miniport (IKEv2)
	Card: Hamachi Network Interface
		 ->2620:9b:0:0:0:0:192d:2934
		 ->fe80:0:0:0:98d7:2e:cf1d:e987%15
		 ->25.45.41.52
	Card: Adaptador ISATAP de Microsoft #2
		 ->fe80:0:0:0:200:5efe:192d:2934%16
	Card: Adaptador ISATAP de Microsoft
	Card: Adaptador ISATAP de Microsoft #3
		 ->fe80:0:0:0:0:5efe:c0a8:122%18
	Card: NIC de Gigabit de Ethernet PCI-E de la familia Realtek RTL8168C(P)/8111C(P) (NDIS 6.20)-QoS Packet Scheduler-0000
	Card: NIC de Gigabit de Ethernet PCI-E de la familia Realtek RTL8168C(P)/8111C(P) (NDIS 6.20)-WFP LightWeight Filter-0000
	Card: Airlive WT-2000PCI-Virtual WiFi Filter Driver-0000
	Card: Airlive WT-2000PCI-QoS Packet Scheduler-0000
	Card: WAN Miniport (Network Monitor)-QoS Packet Scheduler-0000
	Card: WAN Miniport (IP)-QoS Packet Scheduler-0000
	Card: WAN Miniport (IPv6)-QoS Packet Scheduler-0000
	Card: Hamachi Network Interface-WFP LightWeight Filter-0000
	Card: Airlive WT-2000PCI-Native WiFi Filter Driver-0000
	Card: Airlive WT-2000PCI-WFP LightWeight Filter-0000

06 feb 2013 | 00:12:10,966 | INFO  | main | bootLogger |     | Session manager ready: com.smartfoxserver.bitswarm.sessions.DefaultSessionManager@a7086f
06 feb 2013 | 00:12:11,013 | INFO  | main | bootLogger |     | ReaderSelector opened
06 feb 2013 | 00:12:11,060 | INFO  | main | bootLogger |     | AcceptSelector opened
06 feb 2013 | 00:12:11,076 | INFO  | main | bootLogger |     | Added bound tcp socket --> 127.0.0.1:9933
06 feb 2013 | 00:12:11,154 | INFO  | main | bootLogger |     | Added bound udp socket --> 127.0.0.1:9933
06 feb 2013 | 00:12:11,154 | INFO  | main | bootLogger |     | Controller started: com.smartfoxserver.v2.controllers.SystemController -- Queue: 0/20000
06 feb 2013 | 00:12:11,154 | INFO  | main | bootLogger |     | Controller started: com.smartfoxserver.v2.controllers.ExtensionController -- Queue: 0/20000
06 feb 2013 | 00:12:11,154 | INFO  | main | bootLogger |     | IOHandler: com.smartfoxserver.v2.protocol.SFSIoHandler@5eb12e
06 feb 2013 | 00:12:11,154 | INFO  | main | bootLogger |     | SocketReader started
06 feb 2013 | 00:12:11,154 | INFO  | main | bootLogger |     | SocketAcceptor initialized
06 feb 2013 | 00:12:11,154 | INFO  | main | bootLogger |     | Socket Writer started (pool size:1)
06 feb 2013 | 00:12:11,154 | INFO  | Scheduler1-thread-1 | bootLogger |     | Scheduler started: scheduler
06 feb 2013 | 00:12:11,169 | INFO  | main | bootLogger |     | Security Manager started
06 feb 2013 | 00:12:11,169 | INFO  | main | bootLogger |     | [[[ ===--- Boot sequence complete ---=== ]]]
06 feb 2013 | 18:39:29,642 | INFO  | main | bootLogger |     | SmartFoxServer 2X
06 feb 2013 | 18:39:29,658 | INFO  | main | bootLogger |     | BitSwarmEngine version: 3.4.10-DBG { main }
06 feb 2013 | 18:39:29,705 | INFO  | main | bootLogger |     | System Info:
	Processor(s): 4
	VM Max. memory: 259MB
	os.name: Windows 7
	os.arch: x86
	os.version: 6.1
	java.version: 1.6.0_21
	java.vendor: Sun Microsystems Inc.
	java.vendor.url: http://java.sun.com/
	java.vm.specification.version: 1.0
	java.vm.version: 17.0-b16
	java.vm.vendor: Sun Microsystems Inc.
	java.vm.name: Java HotSpot(TM) Client VM
	java.io.tmpdir: C:\Windows\TEMP\
	Default charset: UTF-8

06 feb 2013 | 18:39:29,798 | INFO  | main | bootLogger |     | Network Info:
	Card: Software Loopback Interface 1
		 ->0:0:0:0:0:0:0:1
		 ->127.0.0.1
	Card: WAN Miniport (SSTP)
	Card: WAN Miniport (L2TP)
	Card: WAN Miniport (PPTP)
	Card: WAN Miniport (PPPOE)
	Card: WAN Miniport (IPv6)
	Card: WAN Miniport (Network Monitor)
	Card: WAN Miniport (IP)
	Card: RAS Async Adapter
	Card: NIC de Gigabit de Ethernet PCI-E de la familia Realtek RTL8168C(P)/8111C(P) (NDIS 6.20)
		 ->fe80:0:0:0:adbd:24c:d004:52cc%10
	Card: Airlive WT-2000PCI
		 ->fe80:0:0:0:f926:c70e:e493:f296%11
		 ->192.168.1.34
	Card: Teredo Tunneling Pseudo-Interface
		 ->2001:0:9d38:6ab8:30f7:a0a1:45c1:76db
		 ->fe80:0:0:0:30f7:a0a1:45c1:76db%12
	Card: Adaptador 6to4 de Microsoft
	Card: WAN Miniport (IKEv2)
	Card: Hamachi Network Interface
		 ->2620:9b:0:0:0:0:192d:2934
		 ->fe80:0:0:0:98d7:2e:cf1d:e987%15
		 ->25.45.41.52
	Card: Adaptador ISATAP de Microsoft #2
		 ->fe80:0:0:0:200:5efe:192d:2934%16
	Card: Adaptador ISATAP de Microsoft
		 ->fe80:0:0:0:0:5efe:c0a8:122%17
	Card: NIC de Gigabit de Ethernet PCI-E de la familia Realtek RTL8168C(P)/8111C(P) (NDIS 6.20)-QoS Packet Scheduler-0000
	Card: NIC de Gigabit de Ethernet PCI-E de la familia Realtek RTL8168C(P)/8111C(P) (NDIS 6.20)-WFP LightWeight Filter-0000
	Card: Airlive WT-2000PCI-Virtual WiFi Filter Driver-0000
	Card: Airlive WT-2000PCI-QoS Packet Scheduler-0000
	Card: WAN Miniport (Network Monitor)-QoS Packet Scheduler-0000
	Card: WAN Miniport (IP)-QoS Packet Scheduler-0000
	Card: WAN Miniport (IPv6)-QoS Packet Scheduler-0000
	Card: Hamachi Network Interface-WFP LightWeight Filter-0000
	Card: Airlive WT-2000PCI-Native WiFi Filter Driver-0000
	Card: Airlive WT-2000PCI-WFP LightWeight Filter-0000

06 feb 2013 | 18:39:29,923 | INFO  | main | bootLogger |     | Session manager ready: com.smartfoxserver.bitswarm.sessions.DefaultSessionManager@553ddb
06 feb 2013 | 18:39:30,017 | INFO  | main | bootLogger |     | ReaderSelector opened
06 feb 2013 | 18:39:30,126 | INFO  | main | bootLogger |     | AcceptSelector opened
06 feb 2013 | 18:39:30,173 | INFO  | main | bootLogger |     | Added bound tcp socket --> 127.0.0.1:9933
06 feb 2013 | 18:39:30,330 | INFO  | main | bootLogger |     | Added bound udp socket --> 127.0.0.1:9933
06 feb 2013 | 18:39:30,392 | INFO  | main | bootLogger |     | Controller started: com.smartfoxserver.v2.controllers.SystemController -- Queue: 0/20000
06 feb 2013 | 18:39:30,392 | INFO  | main | bootLogger |     | Controller started: com.smartfoxserver.v2.controllers.ExtensionController -- Queue: 0/20000
06 feb 2013 | 18:39:30,423 | INFO  | main | bootLogger |     | IOHandler: com.smartfoxserver.v2.protocol.SFSIoHandler@47fdc3
06 feb 2013 | 18:39:30,423 | INFO  | main | bootLogger |     | SocketReader started
06 feb 2013 | 18:39:30,423 | INFO  | main | bootLogger |     | SocketAcceptor initialized
06 feb 2013 | 18:39:30,423 | INFO  | main | bootLogger |     | Socket Writer started (pool size:1)
06 feb 2013 | 18:39:30,423 | INFO  | Scheduler1-thread-1 | bootLogger |     | Scheduler started: scheduler
06 feb 2013 | 18:39:30,439 | INFO  | main | bootLogger |     | Security Manager started
06 feb 2013 | 18:39:30,439 | INFO  | main | bootLogger |     | [[[ ===--- Boot sequence complete ---=== ]]]
06 feb 2013 | 18:53:13,462 | INFO  | main | bootLogger |     | SmartFoxServer 2X
06 feb 2013 | 18:53:13,478 | INFO  | main | bootLogger |     | BitSwarmEngine version: 3.4.10-DBG { main }
06 feb 2013 | 18:53:13,478 | INFO  | main | bootLogger |     | System Info:
	Processor(s): 4
	VM Max. memory: 259MB
	os.name: Windows 7
	os.arch: x86
	os.version: 6.1
	java.version: 1.6.0_21
	java.vendor: Sun Microsystems Inc.
	java.vendor.url: http://java.sun.com/
	java.vm.specification.version: 1.0
	java.vm.version: 17.0-b16
	java.vm.vendor: Sun Microsystems Inc.
	java.vm.name: Java HotSpot(TM) Client VM
	java.io.tmpdir: C:\Windows\TEMP\
	Default charset: UTF-8

06 feb 2013 | 18:53:13,541 | INFO  | main | bootLogger |     | Network Info:
	Card: Software Loopback Interface 1
		 ->0:0:0:0:0:0:0:1
		 ->127.0.0.1
	Card: WAN Miniport (SSTP)
	Card: WAN Miniport (L2TP)
	Card: WAN Miniport (PPTP)
	Card: WAN Miniport (PPPOE)
	Card: WAN Miniport (IPv6)
	Card: WAN Miniport (Network Monitor)
	Card: WAN Miniport (IP)
	Card: RAS Async Adapter
	Card: NIC de Gigabit de Ethernet PCI-E de la familia Realtek RTL8168C(P)/8111C(P) (NDIS 6.20)
		 ->fe80:0:0:0:adbd:24c:d004:52cc%10
	Card: Airlive WT-2000PCI
		 ->fe80:0:0:0:f926:c70e:e493:f296%11
		 ->192.168.1.34
	Card: Teredo Tunneling Pseudo-Interface
		 ->2001:0:9d38:6ab8:384a:9fda:45c1:76db
		 ->fe80:0:0:0:384a:9fda:45c1:76db%12
	Card: Adaptador 6to4 de Microsoft
	Card: WAN Miniport (IKEv2)
	Card: Hamachi Network Interface
		 ->2620:9b:0:0:0:0:192d:2934
		 ->fe80:0:0:0:98d7:2e:cf1d:e987%15
		 ->25.45.41.52
	Card: Adaptador ISATAP de Microsoft #2
		 ->fe80:0:0:0:200:5efe:192d:2934%16
	Card: Adaptador ISATAP de Microsoft #3
	Card: NIC de Gigabit de Ethernet PCI-E de la familia Realtek RTL8168C(P)/8111C(P) (NDIS 6.20)-QoS Packet Scheduler-0000
	Card: NIC de Gigabit de Ethernet PCI-E de la familia Realtek RTL8168C(P)/8111C(P) (NDIS 6.20)-WFP LightWeight Filter-0000
	Card: Airlive WT-2000PCI-Virtual WiFi Filter Driver-0000
	Card: Airlive WT-2000PCI-QoS Packet Scheduler-0000
	Card: WAN Miniport (Network Monitor)-QoS Packet Scheduler-0000
	Card: WAN Miniport (IP)-QoS Packet Scheduler-0000
	Card: WAN Miniport (IPv6)-QoS Packet Scheduler-0000
	Card: Hamachi Network Interface-WFP LightWeight Filter-0000
	Card: Airlive WT-2000PCI-Native WiFi Filter Driver-0000
	Card: Airlive WT-2000PCI-WFP LightWeight Filter-0000
	Card: Adaptador ISATAP de Microsoft
		 ->fe80:0:0:0:0:5efe:c0a8:122%28

06 feb 2013 | 18:53:13,541 | INFO  | main | bootLogger |     | Session manager ready: com.smartfoxserver.bitswarm.sessions.DefaultSessionManager@16fa38
06 feb 2013 | 18:53:13,619 | INFO  | main | bootLogger |     | ReaderSelector opened
06 feb 2013 | 18:53:13,712 | INFO  | main | bootLogger |     | AcceptSelector opened
06 feb 2013 | 18:53:13,728 | INFO  | main | bootLogger |     | Added bound tcp socket --> 127.0.0.1:9933
06 feb 2013 | 18:53:13,947 | INFO  | main | bootLogger |     | Added bound udp socket --> 127.0.0.1:9933
06 feb 2013 | 18:53:13,994 | INFO  | main | bootLogger |     | Controller started: com.smartfoxserver.v2.controllers.SystemController -- Queue: 0/20000
06 feb 2013 | 18:53:13,994 | INFO  | main | bootLogger |     | Controller started: com.smartfoxserver.v2.controllers.ExtensionController -- Queue: 0/20000
06 feb 2013 | 18:53:14,009 | INFO  | main | bootLogger |     | IOHandler: com.smartfoxserver.v2.protocol.SFSIoHandler@11a20af
06 feb 2013 | 18:53:14,009 | INFO  | main | bootLogger |     | SocketReader started
06 feb 2013 | 18:53:14,009 | INFO  | main | bootLogger |     | SocketAcceptor initialized
06 feb 2013 | 18:53:14,009 | INFO  | main | bootLogger |     | Socket Writer started (pool size:1)
06 feb 2013 | 18:53:14,009 | INFO  | Scheduler1-thread-1 | bootLogger |     | Scheduler started: scheduler
06 feb 2013 | 18:53:14,009 | INFO  | main | bootLogger |     | Security Manager started
06 feb 2013 | 18:53:14,025 | INFO  | main | bootLogger |     | [[[ ===--- Boot sequence complete ---=== ]]]
