06 feb 2013 | 18:38:47,144 | INFO  | main | smartfoxserver.v2.SmartFoxServer |     | Boot sequence starts...
06 feb 2013 | 18:38:47,660 | INFO  | main | smartfoxserver.v2.SmartFoxServer |     | 
 _____ _____ _____    ___ __ __    _____ _____ _____ _____ 
|   __|   __|   __|  |_  |  |  |  | __  |     |     |_   _|
|__   |   __|__   |  |  _|-   -|  | __ -|  |  |  |  | | |  
|_____|__|  |_____|  |___|__|__|  |_____|_____|_____| |_|

06 feb 2013 | 18:38:56,332 | INFO  | main | smartfoxserver.v2.SmartFoxServer |     | License code not found, starting Community Edition license
06 feb 2013 | 18:38:56,332 | INFO  | main | v2.core.SFSEventManager |     | AnonymousService-1 initalized
06 feb 2013 | 18:38:56,378 | INFO  | main | vfs.impl.DefaultFileReplicator |     | Using "C:\Windows\TEMP\vfs_cache" as temporary files store.
06 feb 2013 | 18:38:57,675 | INFO  | main | smartfoxserver.v2.SmartFoxServer |     | License loaded:

===================================
LICENSE DETAILS
-----------------------------------
Type            : Community Edition
Max users       : 100
===================================

06 feb 2013 | 18:38:57,722 | INFO  | main | entities.managers.SFSBannedUserStorage |     | BanUserStorage initialized
06 feb 2013 | 18:38:57,925 | INFO  | main | entities.managers.SFSBannedUserManager |     | BanUser data loaded: 0 records.
06 feb 2013 | 18:38:58,128 | INFO  | main | v2.config.SFSConfigurator |     | Loading: zones\BasicExamples.zone.xml
06 feb 2013 | 18:38:58,550 | INFO  | main | entities.managers.SFSZoneManager |     | 

::::::::::::::::::::::::::::::::::::::::::::::::::::::::::::::::::::::::::::::
 >> Zone: BasicExamples 
::::::::::::::::::::::::::::::::::::::::::::::::::::::::::::::::::::::::::::::

06 feb 2013 | 18:38:59,128 | INFO  | main | entities.managers.SFSZoneManager |     | Creating room: (default) The Lobby
06 feb 2013 | 18:38:59,441 | INFO  | main | v2.api.SFSApi |     | Room created: [ Room: The Lobby, Id: 0, Group: default, isGame: false ]
06 feb 2013 | 18:38:59,847 | INFO  | main | v2.api.SFSApi |     | Room created: [ Room: AdminRoom, Id: 1, Group: default, isGame: false ]
06 feb 2013 | 18:39:00,238 | INFO  | main | v2.core.AdminToolService |     | AdminTool Service started
06 feb 2013 | 18:39:29,642 | INFO  | main | v2.http.SFSHttpServer |     | Http Server started.
06 feb 2013 | 18:39:30,439 | INFO  | main | smartfoxserver.v2.SmartFoxServer |     | Listening Sockets: { 127.0.0.1:9933, (Tcp) } { 127.0.0.1:9933, (Udp) } 
06 feb 2013 | 18:39:30,439 | INFO  | main | smartfoxserver.v2.SmartFoxServer |     |  
 _____ _____ _____    ___ __ __ 
|   __|   __|   __|  |_  |  |  |
|__   |   __|__   |  |  _|-   -|
|_____|__|  |_____|  |___|__|__|                                         
 _____ _____ _____ ____  __ __ 
| __  |   __|  _  |    \|  |  |
|    -|   __|     |  |  |_   _|
|__|__|_____|__|__|____/  |_|  
[ 2.0.1 ] 

06 feb 2013 | 18:39:30,439 | INFO  | main | smartfoxserver.v2.SmartFoxServer |     | SmartFoxServer 2X (2.0.1) READY!
06 feb 2013 | 18:52:12,149 | INFO  | main | smartfoxserver.v2.SmartFoxServer |     | Boot sequence starts...
06 feb 2013 | 18:52:13,118 | INFO  | main | smartfoxserver.v2.SmartFoxServer |     | 
 _____ _____ _____    ___ __ __    _____ _____ _____ _____ 
|   __|   __|   __|  |_  |  |  |  | __  |     |     |_   _|
|__   |   __|__   |  |  _|-   -|  | __ -|  |  |  |  | | |  
|_____|__|  |_____|  |___|__|__|  |_____|_____|_____| |_|

06 feb 2013 | 18:52:48,181 | INFO  | main | smartfoxserver.v2.SmartFoxServer |     | License code not found, starting Community Edition license
06 feb 2013 | 18:52:48,181 | INFO  | main | v2.core.SFSEventManager |     | AnonymousService-1 initalized
06 feb 2013 | 18:52:48,775 | INFO  | main | vfs.impl.DefaultFileReplicator |     | Using "C:\Windows\TEMP\vfs_cache" as temporary files store.
06 feb 2013 | 18:52:56,775 | INFO  | main | smartfoxserver.v2.SmartFoxServer |     | License loaded:

===================================
LICENSE DETAILS
-----------------------------------
Type            : Community Edition
Max users       : 100
===================================

06 feb 2013 | 18:52:56,806 | INFO  | main | entities.managers.SFSBannedUserStorage |     | BanUserStorage initialized
06 feb 2013 | 18:52:56,994 | INFO  | main | entities.managers.SFSBannedUserManager |     | BanUser data loaded: 0 records.
06 feb 2013 | 18:52:57,212 | INFO  | main | v2.config.SFSConfigurator |     | Loading: zones\BasicExamples.zone.xml
06 feb 2013 | 18:52:57,541 | INFO  | main | entities.managers.SFSZoneManager |     | 

::::::::::::::::::::::::::::::::::::::::::::::::::::::::::::::::::::::::::::::
 >> Zone: BasicExamples 
::::::::::::::::::::::::::::::::::::::::::::::::::::::::::::::::::::::::::::::

06 feb 2013 | 18:52:57,853 | INFO  | main | entities.managers.SFSZoneManager |     | Creating room: (default) The Lobby
06 feb 2013 | 18:52:58,009 | INFO  | main | v2.api.SFSApi |     | Room created: [ Room: The Lobby, Id: 0, Group: default, isGame: false ]
06 feb 2013 | 18:52:58,306 | INFO  | main | v2.api.SFSApi |     | Room created: [ Room: AdminRoom, Id: 1, Group: default, isGame: false ]
06 feb 2013 | 18:52:58,322 | INFO  | main | v2.core.AdminToolService |     | AdminTool Service started
06 feb 2013 | 18:53:13,462 | INFO  | main | v2.http.SFSHttpServer |     | Http Server started.
06 feb 2013 | 18:53:14,025 | INFO  | main | smartfoxserver.v2.SmartFoxServer |     | Listening Sockets: { 127.0.0.1:9933, (Tcp) } { 127.0.0.1:9933, (Udp) } 
06 feb 2013 | 18:53:14,025 | INFO  | main | smartfoxserver.v2.SmartFoxServer |     |  
 _____ _____ _____    ___ __ __ 
|   __|   __|   __|  |_  |  |  |
|__   |   __|__   |  |  _|-   -|
|_____|__|  |_____|  |___|__|__|                                         
 _____ _____ _____ ____  __ __ 
| __  |   __|  _  |    \|  |  |
|    -|   __|     |  |  |_   _|
|__|__|_____|__|__|____/  |_|  
[ 2.0.1 ] 

06 feb 2013 | 18:53:14,025 | INFO  | main | smartfoxserver.v2.SmartFoxServer |     | SmartFoxServer 2X (2.0.1) READY!
